d:\onedrive\documents\school\c++\it-312_code_files\module seven\roberge_farkle\roberge_farkle\roberge_farkle\debug\roberge_farkle.pch
d:\onedrive\documents\school\c++\it-312_code_files\module seven\roberge_farkle\roberge_farkle\roberge_farkle\debug\vc142.pdb
d:\onedrive\documents\school\c++\it-312_code_files\module seven\roberge_farkle\roberge_farkle\roberge_farkle\debug\vc142.idb
d:\onedrive\documents\school\c++\it-312_code_files\module seven\roberge_farkle\roberge_farkle\roberge_farkle\debug\stdafx.obj
d:\onedrive\documents\school\c++\it-312_code_files\module seven\roberge_farkle\roberge_farkle\roberge_farkle\debug\roberge_farkle.obj
d:\onedrive\documents\school\c++\it-312_code_files\module seven\roberge_farkle\roberge_farkle\roberge_farkle\debug\player.obj
d:\onedrive\documents\school\c++\it-312_code_files\module seven\roberge_farkle\roberge_farkle\roberge_farkle\debug\gameplay.obj
d:\onedrive\documents\school\2021-08-capstone\roberge_farkle\roberge_farkle\debug\roberge_farkle.pch
d:\onedrive\documents\school\2021-08-capstone\roberge_farkle\roberge_farkle\debug\vc142.pdb
d:\onedrive\documents\school\2021-08-capstone\roberge_farkle\roberge_farkle\debug\vc142.idb
d:\onedrive\documents\school\2021-08-capstone\roberge_farkle\roberge_farkle\debug\stdafx.obj
d:\onedrive\documents\school\2021-08-capstone\roberge_farkle\roberge_farkle\debug\roberge_farkle.obj
d:\onedrive\documents\school\2021-08-capstone\roberge_farkle\roberge_farkle\debug\player.obj
d:\onedrive\documents\school\2021-08-capstone\roberge_farkle\roberge_farkle\debug\gameplay.obj
d:\onedrive\documents\school\c++\it-312_code_files\module seven\roberge_farkle\roberge_farkle\roberge_farkle\debug\roberge_farkle.ilk
d:\onedrive\documents\school\c++\it-312_code_files\module seven\roberge_farkle\roberge_farkle\debug\roberge_farkle.exe
d:\onedrive\documents\school\c++\it-312_code_files\module seven\roberge_farkle\roberge_farkle\debug\roberge_farkle.pdb
d:\onedrive\documents\school\2021-08-capstone\roberge_farkle\debug\roberge_farkle.exe
d:\onedrive\documents\school\2021-08-capstone\roberge_farkle\roberge_farkle\debug\roberge_farkle.ilk
d:\onedrive\documents\school\2021-08-capstone\roberge_farkle\debug\roberge_farkle.pdb
d:\onedrive\documents\school\2021-08-capstone\roberge_farkle\roberge_farkle\debug\gameplay.obj.enc
d:\onedrive\documents\school\2021-08-capstone\roberge_farkle\roberge_farkle\debug\roberge_farkle.obj.enc
d:\onedrive\documents\school\2021-08-capstone\roberge_farkle\roberge_farkle\debug\vc140.idb
d:\onedrive\documents\school\2021-08-capstone\roberge_farkle\roberge_farkle\debug\vc140.pdb
d:\onedrive\documents\school\2021-08-capstone\roberge_farkle\debug\roberge_farkle.ilk
d:\onedrive\documents\school\2021-08-capstone\roberge_farkle\roberge_farkle\debug\roberge_farkle.tlog\cl.command.1.tlog
d:\onedrive\documents\school\2021-08-capstone\roberge_farkle\roberge_farkle\debug\roberge_farkle.tlog\cl.read.1.tlog
d:\onedrive\documents\school\2021-08-capstone\roberge_farkle\roberge_farkle\debug\roberge_farkle.tlog\cl.write.1.tlog
d:\onedrive\documents\school\2021-08-capstone\roberge_farkle\roberge_farkle\debug\roberge_farkle.tlog\link.command.1.tlog
d:\onedrive\documents\school\2021-08-capstone\roberge_farkle\roberge_farkle\debug\roberge_farkle.tlog\link.read.1.tlog
d:\onedrive\documents\school\2021-08-capstone\roberge_farkle\roberge_farkle\debug\roberge_farkle.tlog\link.write.1.tlog
